--------------------------------------------------------------------------------
Release 14.7 Trace  (nt64)
Copyright (c) 1995-2013 Xilinx, Inc.  All rights reserved.

D:\Xsectorz\14.7\ISE_DS\ISE\bin\nt64\unwrapped\trce.exe -intstyle ise -v 3 -s 3
-n 3 -fastpaths -xml vga_driver.twx vga_driver.ncd -o vga_driver.twr
vga_driver.pcf -ucf VGADriver.ucf

Design file:              vga_driver.ncd
Physical constraint file: vga_driver.pcf
Device,package,speed:     xc6slx9,tqg144,C,-3 (PRODUCTION 1.23 2013-10-13)
Report level:             verbose report

Environment Variable      Effect 
--------------------      ------ 
NONE                      No environment variables were set
--------------------------------------------------------------------------------

INFO:Timing:2698 - No timing constraints found, doing default enumeration.
INFO:Timing:3412 - To improve timing, see the Timing Closure User Guide (UG612).
INFO:Timing:2752 - To get complete path coverage, use the unconstrained paths 
   option. All paths that are not constrained will be reported in the 
   unconstrained paths section(s) of the report.
INFO:Timing:3339 - The clock-to-out numbers in this timing report are based on 
   a 50 Ohm transmission line loading model.  For the details of this model, 
   and for more information on accounting for different loading conditions, 
   please see the device datasheet.



Data Sheet report:
-----------------
All values displayed in nanoseconds (ns)

Setup/Hold to clock CLK
----------------+------------+------------+------------+------------+------------------+--------+
                |Max Setup to|  Process   |Max Hold to |  Process   |                  | Clock  |
Source          | clk (edge) |   Corner   | clk (edge) |   Corner   |Internal Clock(s) | Phase  |
----------------+------------+------------+------------+------------+------------------+--------+
Player1_Button_L|    3.265(R)|      SLOW  |   -0.463(R)|      SLOW  |CLK_BUFGP         |   0.000|
Player1_Button_R|    3.608(R)|      SLOW  |   -0.308(R)|      SLOW  |CLK_BUFGP         |   0.000|
RST             |    2.094(R)|      SLOW  |    0.403(R)|      SLOW  |CLK_BUFGP         |   0.000|
----------------+------------+------------+------------+------------+------------------+--------+

Clock CLK to Pad
------------+-----------------+------------+-----------------+------------+------------------+--------+
            |Max (slowest) clk|  Process   |Min (fastest) clk|  Process   |                  | Clock  |
Destination |  (edge) to PAD  |   Corner   |  (edge) to PAD  |   Corner   |Internal Clock(s) | Phase  |
------------+-----------------+------------+-----------------+------------+------------------+--------+
BUZZER      |         7.667(R)|      SLOW  |         4.036(R)|      FAST  |CLK_BUFGP         |   0.000|
HSYNC       |         7.009(R)|      SLOW  |         3.560(R)|      FAST  |CLK_BUFGP         |   0.000|
LED_L       |         6.277(R)|      SLOW  |         2.881(R)|      FAST  |CLK_BUFGP         |   0.000|
LED_R       |         6.281(R)|      SLOW  |         2.885(R)|      FAST  |CLK_BUFGP         |   0.000|
RGB<1>      |         8.747(R)|      SLOW  |         4.623(R)|      FAST  |CLK_BUFGP         |   0.000|
RGB<5>      |         7.489(R)|      SLOW  |         3.879(R)|      FAST  |CLK_BUFGP         |   0.000|
RGB<6>      |         7.162(R)|      SLOW  |         3.627(R)|      FAST  |CLK_BUFGP         |   0.000|
RGB<7>      |         7.107(R)|      SLOW  |         3.663(R)|      FAST  |CLK_BUFGP         |   0.000|
VSYNC       |         7.315(R)|      SLOW  |         3.752(R)|      FAST  |CLK_BUFGP         |   0.000|
------------+-----------------+------------+-----------------+------------+------------------+--------+

Clock to Setup on destination clock CLK
---------------+---------+---------+---------+---------+
               | Src:Rise| Src:Fall| Src:Rise| Src:Fall|
Source Clock   |Dest:Rise|Dest:Rise|Dest:Fall|Dest:Fall|
---------------+---------+---------+---------+---------+
CLK            |    5.043|         |         |         |
---------------+---------+---------+---------+---------+


Analysis completed Tue Nov 22 03:32:53 2022 
--------------------------------------------------------------------------------

Trace Settings:
-------------------------
Trace Settings 

Peak Memory Usage: 4573 MB



