Release 14.7 - xst P.20131013 (nt64)
Copyright (c) 1995-2013 Xilinx, Inc.  All rights reserved.
--> Parameter TMPDIR set to xst/projnav.tmp


Total REAL time to Xst completion: 0.00 secs
Total CPU time to Xst completion: 0.05 secs
 
--> Parameter xsthdpdir set to xst


Total REAL time to Xst completion: 0.00 secs
Total CPU time to Xst completion: 0.05 secs
 
--> Reading design: VGADriver.prj

TABLE OF CONTENTS
  1) Synthesis Options Summary
  2) HDL Parsing
  3) HDL Elaboration
  4) HDL Synthesis
       4.1) HDL Synthesis Report
  5) Advanced HDL Synthesis
       5.1) Advanced HDL Synthesis Report
  6) Low Level Synthesis
  7) Partition Report
  8) Design Summary
       8.1) Primitive and Black Box Usage
       8.2) Device utilization summary
       8.3) Partition Resource Summary
       8.4) Timing Report
            8.4.1) Clock Information
            8.4.2) Asynchronous Control Signals Information
            8.4.3) Timing Summary
            8.4.4) Timing Details
            8.4.5) Cross Clock Domains Report


=========================================================================
*                      Synthesis Options Summary                        *
=========================================================================
---- Source Parameters
Input File Name                    : "VGADriver.prj"
Ignore Synthesis Constraint File   : NO

---- Target Parameters
Output File Name                   : "VGADriver"
Output Format                      : NGC
Target Device                      : xc6slx9-3-tqg144

---- Source Options
Top Module Name                    : VGADriver
Automatic FSM Extraction           : YES
FSM Encoding Algorithm             : Auto
Safe Implementation                : No
FSM Style                          : LUT
RAM Extraction                     : Yes
RAM Style                          : Auto
ROM Extraction                     : Yes
Shift Register Extraction          : YES
ROM Style                          : Auto
Resource Sharing                   : YES
Asynchronous To Synchronous        : NO
Shift Register Minimum Size        : 2
Use DSP Block                      : Auto
Automatic Register Balancing       : No

---- Target Options
LUT Combining                      : Auto
Reduce Control Sets                : Auto
Add IO Buffers                     : YES
Global Maximum Fanout              : 100000
Add Generic Clock Buffer(BUFG)     : 16
Register Duplication               : YES
Optimize Instantiated Primitives   : NO
Use Clock Enable                   : Auto
Use Synchronous Set                : Auto
Use Synchronous Reset              : Auto
Pack IO Registers into IOBs        : Auto
Equivalent register Removal        : YES

---- General Options
Optimization Goal                  : Speed
Optimization Effort                : 1
Power Reduction                    : NO
Keep Hierarchy                     : No
Netlist Hierarchy                  : As_Optimized
RTL Output                         : Yes
Global Optimization                : AllClockNets
Read Cores                         : YES
Write Timing Constraints           : NO
Cross Clock Analysis               : NO
Hierarchy Separator                : /
Bus Delimiter                      : <>
Case Specifier                     : Maintain
Slice Utilization Ratio            : 100
BRAM Utilization Ratio             : 100
DSP48 Utilization Ratio            : 100
Auto BRAM Packing                  : NO
Slice Utilization Ratio Delta      : 5

=========================================================================


=========================================================================
*                          HDL Parsing                                  *
=========================================================================
Parsing VHDL file "D:\Xsectorz\ISE\DigitalFinalProject\VGADriver.vhd" into library work
Parsing entity <VGADriver>.
Parsing architecture <Behavioral> of entity <vgadriver>.

=========================================================================
*                            HDL Elaboration                            *
=========================================================================

Elaborating entity <VGADriver> (architecture <Behavioral>) from library <work>.

=========================================================================
*                           HDL Synthesis                               *
=========================================================================

Synthesizing Unit <VGADriver>.
    Related source file is "D:\Xsectorz\ISE\DigitalFinalProject\VGADriver.vhd".
    Found 1-bit register for signal <HSYNC>.
    Found 1-bit register for signal <VSYNC>.
    Found 1-bit register for signal <videoOn>.
    Found 32-bit register for signal <hPos>.
    Found 32-bit register for signal <vPos>.
    Found 8-bit register for signal <RGB>.
    Found 1-bit register for signal <clk25>.
    Found 32-bit adder for signal <hPos[31]_GND_5_o_add_1_OUT> created at line 77.
    Found 32-bit adder for signal <vPos[31]_GND_5_o_add_6_OUT> created at line 91.
    Found 32-bit comparator lessequal for signal <n0011> created at line 102
    Found 32-bit comparator greater for signal <hPos[31]_GND_5_o_LessThan_12_o> created at line 102
    Found 32-bit comparator lessequal for signal <n0016> created at line 115
    Found 32-bit comparator greater for signal <vPos[31]_GND_5_o_LessThan_14_o> created at line 115
    Found 32-bit comparator lessequal for signal <n0021> created at line 128
    Found 32-bit comparator lessequal for signal <n0023> created at line 128
    Found 32-bit comparator lessequal for signal <n0027> created at line 142
    Found 32-bit comparator lessequal for signal <n0029> created at line 142
    Found 32-bit comparator lessequal for signal <n0031> created at line 142
    Found 32-bit comparator lessequal for signal <n0033> created at line 142
    Summary:
	inferred   2 Adder/Subtractor(s).
	inferred  76 D-type flip-flop(s).
	inferred  10 Comparator(s).
	inferred   3 Multiplexer(s).
Unit <VGADriver> synthesized.

=========================================================================
HDL Synthesis Report

Macro Statistics
# Adders/Subtractors                                   : 2
 32-bit adder                                          : 2
# Registers                                            : 7
 1-bit register                                        : 4
 32-bit register                                       : 2
 8-bit register                                        : 1
# Comparators                                          : 10
 32-bit comparator greater                             : 2
 32-bit comparator lessequal                           : 8
# Multiplexers                                         : 3
 32-bit 2-to-1 multiplexer                             : 2
 8-bit 2-to-1 multiplexer                              : 1

=========================================================================

=========================================================================
*                       Advanced HDL Synthesis                          *
=========================================================================


Synthesizing (advanced) Unit <VGADriver>.
The following registers are absorbed into counter <hPos>: 1 register on signal <hPos>.
The following registers are absorbed into counter <vPos>: 1 register on signal <vPos>.
Unit <VGADriver> synthesized (advanced).

=========================================================================
Advanced HDL Synthesis Report

Macro Statistics
# Counters                                             : 2
 32-bit up counter                                     : 2
# Registers                                            : 12
 Flip-Flops                                            : 12
# Comparators                                          : 10
 32-bit comparator greater                             : 2
 32-bit comparator lessequal                           : 8
# Multiplexers                                         : 1
 8-bit 2-to-1 multiplexer                              : 1

=========================================================================

=========================================================================
*                         Low Level Synthesis                           *
=========================================================================
WARNING:Xst:1710 - FF/Latch <RGB_0> (without init value) has a constant value of 0 in block <VGADriver>. This FF/Latch will be trimmed during the optimization process.
WARNING:Xst:1895 - Due to other FF/Latch trimming, FF/Latch <RGB_1> (without init value) has a constant value of 0 in block <VGADriver>. This FF/Latch will be trimmed during the optimization process.
WARNING:Xst:1895 - Due to other FF/Latch trimming, FF/Latch <RGB_2> (without init value) has a constant value of 0 in block <VGADriver>. This FF/Latch will be trimmed during the optimization process.
WARNING:Xst:1895 - Due to other FF/Latch trimming, FF/Latch <RGB_3> (without init value) has a constant value of 0 in block <VGADriver>. This FF/Latch will be trimmed during the optimization process.
WARNING:Xst:1895 - Due to other FF/Latch trimming, FF/Latch <RGB_4> (without init value) has a constant value of 0 in block <VGADriver>. This FF/Latch will be trimmed during the optimization process.
INFO:Xst:2261 - The FF/Latch <RGB_5> in Unit <VGADriver> is equivalent to the following 2 FFs/Latches, which will be removed : <RGB_6> <RGB_7> 

Optimizing unit <VGADriver> ...
WARNING:Xst:1293 - FF/Latch <vPos_10> has a constant value of 0 in block <VGADriver>. This FF/Latch will be trimmed during the optimization process.
WARNING:Xst:1896 - Due to other FF/Latch trimming, FF/Latch <vPos_11> has a constant value of 0 in block <VGADriver>. This FF/Latch will be trimmed during the optimization process.
WARNING:Xst:1896 - Due to other FF/Latch trimming, FF/Latch <vPos_12> has a constant value of 0 in block <VGADriver>. This FF/Latch will be trimmed during the optimization process.
WARNING:Xst:1896 - Due to other FF/Latch trimming, FF/Latch <vPos_13> has a constant value of 0 in block <VGADriver>. This FF/Latch will be trimmed during the optimization process.
WARNING:Xst:1896 - Due to other FF/Latch trimming, FF/Latch <vPos_14> has a constant value of 0 in block <VGADriver>. This FF/Latch will be trimmed during the optimization process.
WARNING:Xst:1896 - Due to other FF/Latch trimming, FF/Latch <vPos_15> has a constant value of 0 in block <VGADriver>. This FF/Latch will be trimmed during the optimization process.
WARNING:Xst:1896 - Due to other FF/Latch trimming, FF/Latch <vPos_16> has a constant value of 0 in block <VGADriver>. This FF/Latch will be trimmed during the optimization process.
WARNING:Xst:1896 - Due to other FF/Latch trimming, FF/Latch <vPos_17> has a constant value of 0 in block <VGADriver>. This FF/Latch will be trimmed during the optimization process.
WARNING:Xst:1896 - Due to other FF/Latch trimming, FF/Latch <vPos_18> has a constant value of 0 in block <VGADriver>. This FF/Latch will be trimmed during the optimization process.
WARNING:Xst:1896 - Due to other FF/Latch trimming, FF/Latch <vPos_19> has a constant value of 0 in block <VGADriver>. This FF/Latch will be trimmed during the optimization process.
WARNING:Xst:1896 - Due to other FF/Latch trimming, FF/Latch <vPos_20> has a constant value of 0 in block <VGADriver>. This FF/Latch will be trimmed during the optimization process.
WARNING:Xst:1896 - Due to other FF/Latch trimming, FF/Latch <vPos_21> has a constant value of 0 in block <VGADriver>. This FF/Latch will be trimmed during the optimization process.
WARNING:Xst:1896 - Due to other FF/Latch trimming, FF/Latch <vPos_22> has a constant value of 0 in block <VGADriver>. This FF/Latch will be trimmed during the optimization process.
WARNING:Xst:1896 - Due to other FF/Latch trimming, FF/Latch <vPos_23> has a constant value of 0 in block <VGADriver>. This FF/Latch will be trimmed during the optimization process.
WARNING:Xst:1896 - Due to other FF/Latch trimming, FF/Latch <vPos_24> has a constant value of 0 in block <VGADriver>. This FF/Latch will be trimmed during the optimization process.
WARNING:Xst:1896 - Due to other FF/Latch trimming, FF/Latch <vPos_25> has a constant value of 0 in block <VGADriver>. This FF/Latch will be trimmed during the optimization process.
WARNING:Xst:1896 - Due to other FF/Latch trimming, FF/Latch <vPos_26> has a constant value of 0 in block <VGADriver>. This FF/Latch will be trimmed during the optimization process.
WARNING:Xst:1896 - Due to other FF/Latch trimming, FF/Latch <vPos_27> has a constant value of 0 in block <VGADriver>. This FF/Latch will be trimmed during the optimization process.
WARNING:Xst:1896 - Due to other FF/Latch trimming, FF/Latch <vPos_28> has a constant value of 0 in block <VGADriver>. This FF/Latch will be trimmed during the optimization process.
WARNING:Xst:1896 - Due to other FF/Latch trimming, FF/Latch <vPos_29> has a constant value of 0 in block <VGADriver>. This FF/Latch will be trimmed during the optimization process.
WARNING:Xst:1896 - Due to other FF/Latch trimming, FF/Latch <vPos_30> has a constant value of 0 in block <VGADriver>. This FF/Latch will be trimmed during the optimization process.
WARNING:Xst:1896 - Due to other FF/Latch trimming, FF/Latch <vPos_31> has a constant value of 0 in block <VGADriver>. This FF/Latch will be trimmed during the optimization process.
WARNING:Xst:1896 - Due to other FF/Latch trimming, FF/Latch <hPos_10> has a constant value of 0 in block <VGADriver>. This FF/Latch will be trimmed during the optimization process.
WARNING:Xst:1896 - Due to other FF/Latch trimming, FF/Latch <hPos_11> has a constant value of 0 in block <VGADriver>. This FF/Latch will be trimmed during the optimization process.
WARNING:Xst:1896 - Due to other FF/Latch trimming, FF/Latch <hPos_12> has a constant value of 0 in block <VGADriver>. This FF/Latch will be trimmed during the optimization process.
WARNING:Xst:1896 - Due to other FF/Latch trimming, FF/Latch <hPos_13> has a constant value of 0 in block <VGADriver>. This FF/Latch will be trimmed during the optimization process.
WARNING:Xst:1896 - Due to other FF/Latch trimming, FF/Latch <hPos_14> has a constant value of 0 in block <VGADriver>. This FF/Latch will be trimmed during the optimization process.
WARNING:Xst:1896 - Due to other FF/Latch trimming, FF/Latch <hPos_15> has a constant value of 0 in block <VGADriver>. This FF/Latch will be trimmed during the optimization process.
WARNING:Xst:1896 - Due to other FF/Latch trimming, FF/Latch <hPos_16> has a constant value of 0 in block <VGADriver>. This FF/Latch will be trimmed during the optimization process.
WARNING:Xst:1896 - Due to other FF/Latch trimming, FF/Latch <hPos_17> has a constant value of 0 in block <VGADriver>. This FF/Latch will be trimmed during the optimization process.
WARNING:Xst:1896 - Due to other FF/Latch trimming, FF/Latch <hPos_18> has a constant value of 0 in block <VGADriver>. This FF/Latch will be trimmed during the optimization process.
WARNING:Xst:1896 - Due to other FF/Latch trimming, FF/Latch <hPos_19> has a constant value of 0 in block <VGADriver>. This FF/Latch will be trimmed during the optimization process.
WARNING:Xst:1896 - Due to other FF/Latch trimming, FF/Latch <hPos_20> has a constant value of 0 in block <VGADriver>. This FF/Latch will be trimmed during the optimization process.
WARNING:Xst:1896 - Due to other FF/Latch trimming, FF/Latch <hPos_21> has a constant value of 0 in block <VGADriver>. This FF/Latch will be trimmed during the optimization process.
WARNING:Xst:1896 - Due to other FF/Latch trimming, FF/Latch <hPos_22> has a constant value of 0 in block <VGADriver>. This FF/Latch will be trimmed during the optimization process.
WARNING:Xst:1896 - Due to other FF/Latch trimming, FF/Latch <hPos_23> has a constant value of 0 in block <VGADriver>. This FF/Latch will be trimmed during the optimization process.
WARNING:Xst:1896 - Due to other FF/Latch trimming, FF/Latch <hPos_24> has a constant value of 0 in block <VGADriver>. This FF/Latch will be trimmed during the optimization process.
WARNING:Xst:1896 - Due to other FF/Latch trimming, FF/Latch <hPos_25> has a constant value of 0 in block <VGADriver>. This FF/Latch will be trimmed during the optimization process.
WARNING:Xst:1896 - Due to other FF/Latch trimming, FF/Latch <hPos_26> has a constant value of 0 in block <VGADriver>. This FF/Latch will be trimmed during the optimization process.
WARNING:Xst:1896 - Due to other FF/Latch trimming, FF/Latch <hPos_27> has a constant value of 0 in block <VGADriver>. This FF/Latch will be trimmed during the optimization process.
WARNING:Xst:1896 - Due to other FF/Latch trimming, FF/Latch <hPos_28> has a constant value of 0 in block <VGADriver>. This FF/Latch will be trimmed during the optimization process.
WARNING:Xst:1896 - Due to other FF/Latch trimming, FF/Latch <hPos_29> has a constant value of 0 in block <VGADriver>. This FF/Latch will be trimmed during the optimization process.
WARNING:Xst:1896 - Due to other FF/Latch trimming, FF/Latch <hPos_30> has a constant value of 0 in block <VGADriver>. This FF/Latch will be trimmed during the optimization process.
WARNING:Xst:1896 - Due to other FF/Latch trimming, FF/Latch <hPos_31> has a constant value of 0 in block <VGADriver>. This FF/Latch will be trimmed during the optimization process.

Mapping all equations...
Building and optimizing final netlist ...
Found area constraint ratio of 100 (+ 5) on block VGADriver, actual ratio is 2.

Final Macro Processing ...

=========================================================================
Final Register Report

Macro Statistics
# Registers                                            : 25
 Flip-Flops                                            : 25

=========================================================================

=========================================================================
*                           Partition Report                            *
=========================================================================

Partition Implementation Status
-------------------------------

  No Partitions were found in this design.

-------------------------------

=========================================================================
*                            Design Summary                             *
=========================================================================

Top Level Output File Name         : VGADriver.ngc

Primitive and Black Box Usage:
------------------------------
# BELS                             : 195
#      GND                         : 1
#      INV                         : 5
#      LUT1                        : 18
#      LUT2                        : 28
#      LUT3                        : 7
#      LUT4                        : 5
#      LUT5                        : 23
#      LUT6                        : 3
#      MUXCY                       : 84
#      VCC                         : 1
#      XORCY                       : 20
# FlipFlops/Latches                : 25
#      FD                          : 1
#      FDC                         : 14
#      FDCE                        : 10
# Clock Buffers                    : 2
#      BUFG                        : 1
#      BUFGP                       : 1
# IO Buffers                       : 11
#      IBUF                        : 1
#      OBUF                        : 10

Device utilization summary:
---------------------------

Selected Device : 6slx9tqg144-3 


Slice Logic Utilization: 
 Number of Slice Registers:              25  out of  11440     0%  
 Number of Slice LUTs:                   89  out of   5720     1%  
    Number used as Logic:                89  out of   5720     1%  

Slice Logic Distribution: 
 Number of LUT Flip Flop pairs used:     89
   Number with an unused Flip Flop:      64  out of     89    71%  
   Number with an unused LUT:             0  out of     89     0%  
   Number of fully used LUT-FF pairs:    25  out of     89    28%  
   Number of unique control sets:         3

IO Utilization: 
 Number of IOs:                          12
 Number of bonded IOBs:                  12  out of    102    11%  

Specific Feature Utilization:
 Number of BUFG/BUFGCTRLs:                2  out of     16    12%  

---------------------------
Partition Resource Summary:
---------------------------

  No Partitions were found in this design.

---------------------------


=========================================================================
Timing Report

NOTE: THESE TIMING NUMBERS ARE ONLY A SYNTHESIS ESTIMATE.
      FOR ACCURATE TIMING INFORMATION PLEASE REFER TO THE TRACE REPORT
      GENERATED AFTER PLACE-and-ROUTE.

Clock Information:
------------------
-----------------------------------+------------------------+-------+
Clock Signal                       | Clock buffer(FF name)  | Load  |
-----------------------------------+------------------------+-------+
CLK                                | BUFGP                  | 1     |
clk25                              | BUFG                   | 24    |
-----------------------------------+------------------------+-------+

Asynchronous Control Signals Information:
----------------------------------------
No asynchronous control signals found in this design

Timing Summary:
---------------
Speed Grade: -3

   Minimum period: 3.904ns (Maximum Frequency: 256.157MHz)
   Minimum input arrival time before clock: 2.824ns
   Maximum output required time after clock: 3.668ns
   Maximum combinational path delay: No path found

Timing Details:
---------------
All values displayed in nanoseconds (ns)

=========================================================================
Timing constraint: Default period analysis for Clock 'CLK'
  Clock period: 1.913ns (frequency: 522.821MHz)
  Total number of paths / destination ports: 1 / 1
-------------------------------------------------------------------------
Delay:               1.913ns (Levels of Logic = 1)
  Source:            clk25 (FF)
  Destination:       clk25 (FF)
  Source Clock:      CLK rising
  Destination Clock: CLK rising

  Data Path: clk25 to clk25
                                Gate     Net
    Cell:in->out      fanout   Delay   Delay  Logical Name (Net Name)
    ----------------------------------------  ------------
     FD:C->Q               1   0.447   0.579  clk25 (clk25)
     INV:I->O              1   0.206   0.579  clk25_INV_1_o1_INV_0 (clk25_INV_1_o)
     FD:D                      0.102          clk25
    ----------------------------------------
    Total                      1.913ns (0.755ns logic, 1.158ns route)
                                       (39.5% logic, 60.5% route)

=========================================================================
Timing constraint: Default period analysis for Clock 'clk25'
  Clock period: 3.904ns (frequency: 256.157MHz)
  Total number of paths / destination ports: 560 / 34
-------------------------------------------------------------------------
Delay:               3.904ns (Levels of Logic = 2)
  Source:            hPos_5 (FF)
  Destination:       vPos_0 (FF)
  Source Clock:      clk25 rising
  Destination Clock: clk25 rising

  Data Path: hPos_5 to vPos_0
                                Gate     Net
    Cell:in->out      fanout   Delay   Delay  Logical Name (Net Name)
    ----------------------------------------  ------------
     FDC:C->Q             11   0.447   1.227  hPos_5 (hPos_5)
     LUT5:I0->O            2   0.203   0.617  GND_5_o_hPos[31]_equal_1_o<31>_SW0 (N4)
     LUT6:I5->O           11   0.205   0.882  GND_5_o_hPos[31]_equal_1_o<31> (GND_5_o_hPos[31]_equal_1_o)
     FDCE:CE                   0.322          vPos_0
    ----------------------------------------
    Total                      3.904ns (1.177ns logic, 2.727ns route)
                                       (30.1% logic, 69.9% route)

=========================================================================
Timing constraint: Default OFFSET IN BEFORE for Clock 'clk25'
  Total number of paths / destination ports: 24 / 24
-------------------------------------------------------------------------
Offset:              2.824ns (Levels of Logic = 1)
  Source:            RST (PAD)
  Destination:       VSYNC (FF)
  Destination Clock: clk25 rising

  Data Path: RST to VSYNC
                                Gate     Net
    Cell:in->out      fanout   Delay   Delay  Logical Name (Net Name)
    ----------------------------------------  ------------
     IBUF:I->O            24   1.222   1.172  RST_IBUF (RST_IBUF)
     FDC:CLR                   0.430          VSYNC
    ----------------------------------------
    Total                      2.824ns (1.652ns logic, 1.172ns route)
                                       (58.5% logic, 41.5% route)

=========================================================================
Timing constraint: Default OFFSET OUT AFTER for Clock 'clk25'
  Total number of paths / destination ports: 5 / 5
-------------------------------------------------------------------------
Offset:              3.668ns (Levels of Logic = 1)
  Source:            RGB_5 (FF)
  Destination:       RGB<7> (PAD)
  Source Clock:      clk25 rising

  Data Path: RGB_5 to RGB<7>
                                Gate     Net
    Cell:in->out      fanout   Delay   Delay  Logical Name (Net Name)
    ----------------------------------------  ------------
     FDC:C->Q              3   0.447   0.650  RGB_5 (RGB_5)
     OBUF:I->O                 2.571          RGB_7_OBUF (RGB<7>)
    ----------------------------------------
    Total                      3.668ns (3.018ns logic, 0.650ns route)
                                       (82.3% logic, 17.7% route)

=========================================================================

Cross Clock Domains Report:
--------------------------

Clock to Setup on destination clock CLK
---------------+---------+---------+---------+---------+
               | Src:Rise| Src:Fall| Src:Rise| Src:Fall|
Source Clock   |Dest:Rise|Dest:Rise|Dest:Fall|Dest:Fall|
---------------+---------+---------+---------+---------+
CLK            |    1.913|         |         |         |
---------------+---------+---------+---------+---------+

Clock to Setup on destination clock clk25
---------------+---------+---------+---------+---------+
               | Src:Rise| Src:Fall| Src:Rise| Src:Fall|
Source Clock   |Dest:Rise|Dest:Rise|Dest:Fall|Dest:Fall|
---------------+---------+---------+---------+---------+
clk25          |    3.904|         |         |         |
---------------+---------+---------+---------+---------+

=========================================================================


Total REAL time to Xst completion: 3.00 secs
Total CPU time to Xst completion: 2.55 secs
 
--> 

Total memory usage is 4503292 kilobytes

Number of errors   :    0 (   0 filtered)
Number of warnings :   49 (   0 filtered)
Number of infos    :    1 (   0 filtered)

